# JRE version: OpenJDK Runtime Environment (7.0_91-b02) (build 1.7.0_91-b02)
# Java VM: OpenJDK 64-Bit Server VM (24.91-b01 mixed mode linux-amd64 compressed oops)
Heap
 PSYoungGen      total 68608K, used 5120K [0x00000007d7000000, 0x00000007db800000, 0x0000000800000000)
  eden space 63488K, 0% used [0x00000007d7000000,0x00000007d7000000,0x00000007dae00000)
  from space 5120K, 100% used [0x00000007dae00000,0x00000007db300000,0x00000007db300000)
  to   space 5120K, 0% used [0x00000007db300000,0x00000007db300000,0x00000007db800000)
 ParOldGen       total 83968K, used 7976K [0x0000000785000000, 0x000000078a200000, 0x00000007d7000000)
  object space 83968K, 9% used [0x0000000785000000,0x00000007857ca2a0,0x000000078a200000)
 PSPermGen       total 21504K, used 20031K [0x000000077aa00000, 0x000000077bf00000, 0x0000000785000000)
  object space 21504K, 93% used [0x000000077aa00000,0x000000077bd8ff38,0x000000077bf00000)
GC Heap History (9 events):
Event: 1,917 GC heap before
{Heap before GC invocations=1 (full 0):
 PSYoungGen      total 36864K, used 31744K [0x00000007d7000000, 0x00000007d9900000, 0x0000000800000000)
  eden space 31744K, 100% used [0x00000007d7000000,0x00000007d8f00000,0x00000007d8f00000)
  from space 5120K, 0% used [0x00000007d9400000,0x00000007d9400000,0x00000007d9900000)
  to   space 5120K, 0% used [0x00000007d8f00000,0x00000007d8f00000,0x00000007d9400000)
 ParOldGen       total 83968K, used 0K [0x0000000785000000, 0x000000078a200000, 0x00000007d7000000)
  object space 83968K, 0% used [0x0000000785000000,0x0000000785000000,0x000000078a200000)
 PSPermGen       total 21504K, used 8046K [0x000000077aa00000, 0x000000077bf00000, 0x0000000785000000)
  object space 21504K, 37% used [0x000000077aa00000,0x000000077b1dba88,0x000000077bf00000)
Event: 1,924 GC heap after
Heap after GC invocations=1 (full 0):
 PSYoungGen      total 36864K, used 4429K [0x00000007d7000000, 0x00000007d9900000, 0x0000000800000000)
  eden space 31744K, 0% used [0x00000007d7000000,0x00000007d7000000,0x00000007d8f00000)
  from space 5120K, 86% used [0x00000007d8f00000,0x00000007d9353430,0x00000007d9400000)
  to   space 5120K, 0% used [0x00000007d9400000,0x00000007d9400000,0x00000007d9900000)
 ParOldGen       total 83968K, used 8K [0x0000000785000000, 0x000000078a200000, 0x00000007d7000000)
  object space 83968K, 0% used [0x0000000785000000,0x0000000785002000,0x000000078a200000)
 PSPermGen       total 21504K, used 8046K [0x000000077aa00000, 0x000000077bf00000, 0x0000000785000000)
  object space 21504K, 37% used [0x000000077aa00000,0x000000077b1dba88,0x000000077bf00000)
}
Event: 2,879 GC heap before
{Heap before GC invocations=2 (full 0):
 PSYoungGen      total 36864K, used 36173K [0x00000007d7000000, 0x00000007d9900000, 0x0000000800000000)
  eden space 31744K, 100% used [0x00000007d7000000,0x00000007d8f00000,0x00000007d8f00000)
  from space 5120K, 86% used [0x00000007d8f00000,0x00000007d9353430,0x00000007d9400000)
  to   space 5120K, 0% used [0x00000007d9400000,0x00000007d9400000,0x00000007d9900000)
 ParOldGen       total 83968K, used 8K [0x0000000785000000, 0x000000078a200000, 0x00000007d7000000)
  object space 83968K, 0% used [0x0000000785000000,0x0000000785002000,0x000000078a200000)
 PSPermGen       total 21504K, used 11297K [0x000000077aa00000, 0x000000077bf00000, 0x0000000785000000)
  object space 21504K, 52% used [0x000000077aa00000,0x000000077b5084b0,0x000000077bf00000)
Event: 2,932 GC heap after
Heap after GC invocations=2 (full 0):
 PSYoungGen      total 36864K, used 4724K [0x00000007d7000000, 0x00000007db800000, 0x0000000800000000)
  eden space 31744K, 0% used [0x00000007d7000000,0x00000007d7000000,0x00000007d8f00000)
  from space 5120K, 92% used [0x00000007d9400000,0x00000007d989d188,0x00000007d9900000)
  to   space 5120K, 0% used [0x00000007d8f00000,0x00000007d8f00000,0x00000007d9400000)
 ParOldGen       total 83968K, used 16K [0x0000000785000000, 0x000000078a200000, 0x00000007d7000000)
  object space 83968K, 0% used [0x0000000785000000,0x0000000785004000,0x000000078a200000)
 PSPermGen       total 21504K, used 11297K [0x000000077aa00000, 0x000000077bf00000, 0x0000000785000000)
  object space 21504K, 52% used [0x000000077aa00000,0x000000077b5084b0,0x000000077bf00000)
}
Event: 4,520 GC heap before
{Heap before GC invocations=3 (full 0):
 PSYoungGen      total 36864K, used 36468K [0x00000007d7000000, 0x00000007db800000, 0x0000000800000000)
  eden space 31744K, 100% used [0x00000007d7000000,0x00000007d8f00000,0x00000007d8f00000)
  from space 5120K, 92% used [0x00000007d9400000,0x00000007d989d188,0x00000007d9900000)
  to   space 5120K, 0% used [0x00000007d8f00000,0x00000007d8f00000,0x00000007d9400000)
 ParOldGen       total 83968K, used 16K [0x0000000785000000, 0x000000078a200000, 0x00000007d7000000)
  object space 83968K, 0% used [0x0000000785000000,0x0000000785004000,0x000000078a200000)
 PSPermGen       total 21504K, used 14082K [0x000000077aa00000, 0x000000077bf00000, 0x0000000785000000)
  object space 21504K, 65% used [0x000000077aa00000,0x000000077b7c0ab0,0x000000077bf00000)
Event: 4,537 GC heap after
Heap after GC invocations=3 (full 0):
 PSYoungGen      total 36864K, used 5089K [0x00000007d7000000, 0x00000007db800000, 0x0000000800000000)
  eden space 31744K, 0% used [0x00000007d7000000,0x00000007d7000000,0x00000007d8f00000)
  from space 5120K, 99% used [0x00000007d8f00000,0x00000007d93f8500,0x00000007d9400000)
  to   space 5120K, 0% used [0x00000007db300000,0x00000007db300000,0x00000007db800000)
 ParOldGen       total 83968K, used 575K [0x0000000785000000, 0x000000078a200000, 0x00000007d7000000)
  object space 83968K, 0% used [0x0000000785000000,0x000000078508fff8,0x000000078a200000)
 PSPermGen       total 21504K, used 14082K [0x000000077aa00000, 0x000000077bf00000, 0x0000000785000000)
  object space 21504K, 65% used [0x000000077aa00000,0x000000077b7c0ab0,0x000000077bf00000)
}
Event: 5,209 GC heap before
{Heap before GC invocations=4 (full 0):
 PSYoungGen      total 36864K, used 36833K [0x00000007d7000000, 0x00000007db800000, 0x0000000800000000)
  eden space 31744K, 100% used [0x00000007d7000000,0x00000007d8f00000,0x00000007d8f00000)
  from space 5120K, 99% used [0x00000007d8f00000,0x00000007d93f8500,0x00000007d9400000)
  to   space 5120K, 0% used [0x00000007db300000,0x00000007db300000,0x00000007db800000)
 ParOldGen       total 83968K, used 575K [0x0000000785000000, 0x000000078a200000, 0x00000007d7000000)
  object space 83968K, 0% used [0x0000000785000000,0x000000078508fff8,0x000000078a200000)
 PSPermGen       total 21504K, used 14259K [0x000000077aa00000, 0x000000077bf00000, 0x0000000785000000)
  object space 21504K, 66% used [0x000000077aa00000,0x000000077b7eccb0,0x000000077bf00000)
Event: 5,228 GC heap after
Heap after GC invocations=4 (full 0):
 PSYoungGen      total 68608K, used 5088K [0x00000007d7000000, 0x00000007db800000, 0x0000000800000000)
  eden space 63488K, 0% used [0x00000007d7000000,0x00000007d7000000,0x00000007dae00000)
  from space 5120K, 99% used [0x00000007db300000,0x00000007db7f8020,0x00000007db800000)
  to   space 5120K, 0% used [0x00000007dae00000,0x00000007dae00000,0x00000007db300000)
 ParOldGen       total 83968K, used 1041K [0x0000000785000000, 0x000000078a200000, 0x00000007d7000000)
  object space 83968K, 1% used [0x0000000785000000,0x0000000785104770,0x000000078a200000)
 PSPermGen       total 21504K, used 14259K [0x000000077aa00000, 0x000000077bf00000, 0x0000000785000000)
  object space 21504K, 66% used [0x000000077aa00000,0x000000077b7eccb0,0x000000077bf00000)
}
Event: 7,466 GC heap before
{Heap before GC invocations=5 (full 0):
 PSYoungGen      total 68608K, used 68576K [0x00000007d7000000, 0x00000007db800000, 0x0000000800000000)
  eden space 63488K, 100% used [0x00000007d7000000,0x00000007dae00000,0x00000007dae00000)
  from space 5120K, 99% used [0x00000007db300000,0x00000007db7f8020,0x00000007db800000)
  to   space 5120K, 0% used [0x00000007dae00000,0x00000007dae00000,0x00000007db300000)
 ParOldGen       total 83968K, used 1041K [0x0000000785000000, 0x000000078a200000, 0x00000007d7000000)
  object space 83968K, 1% used [0x0000000785000000,0x0000000785104770,0x000000078a200000)
 PSPermGen       total 21504K, used 20031K [0x000000077aa00000, 0x000000077bf00000, 0x0000000785000000)
  object space 21504K, 93% used [0x000000077aa00000,0x000000077bd8ff38,0x000000077bf00000)

