# JRE version: OpenJDK Runtime Environment (7.0_91-b02) (build 1.7.0_91-b02)
# Java VM: OpenJDK 64-Bit Server VM (24.91-b01 mixed mode linux-amd64 compressed oops)
Heap
 PSYoungGen      total 417280K, used 2816K [0x00000007d7000000, 0x00000007f1200000, 0x0000000800000000)
  eden space 406528K, 0% used [0x00000007d7000000,0x00000007d7000000,0x00000007efd00000)
  from space 10752K, 26% used [0x00000007efd00000,0x00000007effc0000,0x00000007f0780000)
  to   space 10752K, 0% used [0x00000007f0780000,0x00000007f0780000,0x00000007f1200000)
 ParOldGen       total 83968K, used 19159K [0x0000000785000000, 0x000000078a200000, 0x00000007d7000000)
  object space 83968K, 22% used [0x0000000785000000,0x00000007862b5d28,0x000000078a200000)
 PSPermGen       total 29184K, used 28827K [0x000000077aa00000, 0x000000077c680000, 0x0000000785000000)
  object space 29184K, 98% used [0x000000077aa00000,0x000000077c626f58,0x000000077c680000)
GC Heap History (10 events):
Event: 8,441 GC heap after
Heap after GC invocations=6 (full 0):
 PSYoungGen      total 137216K, used 6475K [0x00000007d7000000, 0x00000007e0000000, 0x0000000800000000)
  eden space 126976K, 0% used [0x00000007d7000000,0x00000007d7000000,0x00000007dec00000)
  from space 10240K, 63% used [0x00000007df600000,0x00000007dfc52e90,0x00000007e0000000)
  to   space 10240K, 0% used [0x00000007dec00000,0x00000007dec00000,0x00000007df600000)
 ParOldGen       total 83968K, used 10440K [0x0000000785000000, 0x000000078a200000, 0x00000007d7000000)
  object space 83968K, 12% used [0x0000000785000000,0x0000000785a322e0,0x000000078a200000)
 PSPermGen       total 26624K, used 26479K [0x000000077aa00000, 0x000000077c400000, 0x0000000785000000)
  object space 26624K, 99% used [0x000000077aa00000,0x000000077c3dbea0,0x000000077c400000)
}
Event: 9,041 GC heap before
{Heap before GC invocations=7 (full 0):
 PSYoungGen      total 137216K, used 133451K [0x00000007d7000000, 0x00000007e0000000, 0x0000000800000000)
  eden space 126976K, 100% used [0x00000007d7000000,0x00000007dec00000,0x00000007dec00000)
  from space 10240K, 63% used [0x00000007df600000,0x00000007dfc52e90,0x00000007e0000000)
  to   space 10240K, 0% used [0x00000007dec00000,0x00000007dec00000,0x00000007df600000)
 ParOldGen       total 83968K, used 10440K [0x0000000785000000, 0x000000078a200000, 0x00000007d7000000)
  object space 83968K, 12% used [0x0000000785000000,0x0000000785a322e0,0x000000078a200000)
 PSPermGen       total 26624K, used 26489K [0x000000077aa00000, 0x000000077c400000, 0x0000000785000000)
  object space 26624K, 99% used [0x000000077aa00000,0x000000077c3de730,0x000000077c400000)
Event: 9,059 GC heap after
Heap after GC invocations=7 (full 0):
 PSYoungGen      total 137216K, used 3700K [0x00000007d7000000, 0x00000007e7c00000, 0x0000000800000000)
  eden space 126976K, 0% used [0x00000007d7000000,0x00000007d7000000,0x00000007dec00000)
  from space 10240K, 36% used [0x00000007dec00000,0x00000007def9d020,0x00000007df600000)
  to   space 10240K, 0% used [0x00000007e7200000,0x00000007e7200000,0x00000007e7c00000)
 ParOldGen       total 83968K, used 12611K [0x0000000785000000, 0x000000078a200000, 0x00000007d7000000)
  object space 83968K, 15% used [0x0000000785000000,0x0000000785c50d98,0x000000078a200000)
 PSPermGen       total 26624K, used 26489K [0x000000077aa00000, 0x000000077c400000, 0x0000000785000000)
  object space 26624K, 99% used [0x000000077aa00000,0x000000077c3de730,0x000000077c400000)
}
Event: 10,489 GC heap before
{Heap before GC invocations=8 (full 0):
 PSYoungGen      total 137216K, used 130676K [0x00000007d7000000, 0x00000007e7c00000, 0x0000000800000000)
  eden space 126976K, 100% used [0x00000007d7000000,0x00000007dec00000,0x00000007dec00000)
  from space 10240K, 36% used [0x00000007dec00000,0x00000007def9d020,0x00000007df600000)
  to   space 10240K, 0% used [0x00000007e7200000,0x00000007e7200000,0x00000007e7c00000)
 ParOldGen       total 83968K, used 12611K [0x0000000785000000, 0x000000078a200000, 0x00000007d7000000)
  object space 83968K, 15% used [0x0000000785000000,0x0000000785c50d98,0x000000078a200000)
 PSPermGen       total 28160K, used 28085K [0x000000077aa00000, 0x000000077c580000, 0x0000000785000000)
  object space 28160K, 99% used [0x000000077aa00000,0x000000077c56d590,0x000000077c580000)
Event: 10,533 GC heap after
Heap after GC invocations=8 (full 0):
 PSYoungGen      total 264192K, used 4469K [0x00000007d7000000, 0x00000007e7c00000, 0x0000000800000000)
  eden space 253952K, 0% used [0x00000007d7000000,0x00000007d7000000,0x00000007e6800000)
  from space 10240K, 43% used [0x00000007e7200000,0x00000007e765d578,0x00000007e7c00000)
  to   space 10240K, 0% used [0x00000007e6800000,0x00000007e6800000,0x00000007e7200000)
 ParOldGen       total 83968K, used 14015K [0x0000000785000000, 0x000000078a200000, 0x00000007d7000000)
  object space 83968K, 16% used [0x0000000785000000,0x0000000785dafda8,0x000000078a200000)
 PSPermGen       total 28160K, used 28085K [0x000000077aa00000, 0x000000077c580000, 0x0000000785000000)
  object space 28160K, 99% used [0x000000077aa00000,0x000000077c56d590,0x000000077c580000)
}
Event: 87,763 GC heap before
{Heap before GC invocations=9 (full 0):
 PSYoungGen      total 264192K, used 258421K [0x00000007d7000000, 0x00000007e7c00000, 0x0000000800000000)
  eden space 253952K, 100% used [0x00000007d7000000,0x00000007e6800000,0x00000007e6800000)
  from space 10240K, 43% used [0x00000007e7200000,0x00000007e765d578,0x00000007e7c00000)
  to   space 10240K, 0% used [0x00000007e6800000,0x00000007e6800000,0x00000007e7200000)
 ParOldGen       total 83968K, used 14015K [0x0000000785000000, 0x000000078a200000, 0x00000007d7000000)
  object space 83968K, 16% used [0x0000000785000000,0x0000000785dafda8,0x000000078a200000)
 PSPermGen       total 28672K, used 28611K [0x000000077aa00000, 0x000000077c600000, 0x0000000785000000)
  object space 28672K, 99% used [0x000000077aa00000,0x000000077c5f0c90,0x000000077c600000)
Event: 87,771 GC heap after
Heap after GC invocations=9 (full 0):
 PSYoungGen      total 264192K, used 2560K [0x00000007d7000000, 0x00000007f1200000, 0x0000000800000000)
  eden space 253952K, 0% used [0x00000007d7000000,0x00000007d7000000,0x00000007e6800000)
  from space 10240K, 25% used [0x00000007e6800000,0x00000007e6a80000,0x00000007e7200000)
  to   space 10752K, 0% used [0x00000007f0780000,0x00000007f0780000,0x00000007f1200000)
 ParOldGen       total 83968K, used 16236K [0x0000000785000000, 0x000000078a200000, 0x00000007d7000000)
  object space 83968K, 19% used [0x0000000785000000,0x0000000785fdb010,0x000000078a200000)
 PSPermGen       total 28672K, used 28611K [0x000000077aa00000, 0x000000077c600000, 0x0000000785000000)
  object space 28672K, 99% used [0x000000077aa00000,0x000000077c5f0c90,0x000000077c600000)
}
Event: 185,276 GC heap before
{Heap before GC invocations=10 (full 0):
 PSYoungGen      total 264192K, used 256512K [0x00000007d7000000, 0x00000007f1200000, 0x0000000800000000)
  eden space 253952K, 100% used [0x00000007d7000000,0x00000007e6800000,0x00000007e6800000)
  from space 10240K, 25% used [0x00000007e6800000,0x00000007e6a80000,0x00000007e7200000)
  to   space 10752K, 0% used [0x00000007f0780000,0x00000007f0780000,0x00000007f1200000)
 ParOldGen       total 83968K, used 16236K [0x0000000785000000, 0x000000078a200000, 0x00000007d7000000)
  object space 83968K, 19% used [0x0000000785000000,0x0000000785fdb010,0x000000078a200000)
 PSPermGen       total 29184K, used 28745K [0x000000077aa00000, 0x000000077c680000, 0x0000000785000000)
  object space 29184K, 98% used [0x000000077aa00000,0x000000077c6124c8,0x000000077c680000)
Event: 185,288 GC heap after
Heap after GC invocations=10 (full 0):
 PSYoungGen      total 417280K, used 2400K [0x00000007d7000000, 0x00000007f1200000, 0x0000000800000000)
  eden space 406528K, 0% used [0x00000007d7000000,0x00000007d7000000,0x00000007efd00000)
  from space 10752K, 22% used [0x00000007f0780000,0x00000007f09d8000,0x00000007f1200000)
  to   space 10752K, 0% used [0x00000007efd00000,0x00000007efd00000,0x00000007f0780000)
 ParOldGen       total 83968K, used 17208K [0x0000000785000000, 0x000000078a200000, 0x00000007d7000000)
  object space 83968K, 20% used [0x0000000785000000,0x00000007860ce0f0,0x000000078a200000)
 PSPermGen       total 29184K, used 28745K [0x000000077aa00000, 0x000000077c680000, 0x0000000785000000)
  object space 29184K, 98% used [0x000000077aa00000,0x000000077c6124c8,0x000000077c680000)
}
Event: 398,217 GC heap before
{Heap before GC invocations=11 (full 0):
 PSYoungGen      total 417280K, used 408928K [0x00000007d7000000, 0x00000007f1200000, 0x0000000800000000)
  eden space 406528K, 100% used [0x00000007d7000000,0x00000007efd00000,0x00000007efd00000)
  from space 10752K, 22% used [0x00000007f0780000,0x00000007f09d8000,0x00000007f1200000)
  to   space 10752K, 0% used [0x00000007efd00000,0x00000007efd00000,0x00000007f0780000)
 ParOldGen       total 83968K, used 17208K [0x0000000785000000, 0x000000078a200000, 0x00000007d7000000)
  object space 83968K, 20% used [0x0000000785000000,0x00000007860ce0f0,0x000000078a200000)
 PSPermGen       total 29184K, used 28827K [0x000000077aa00000, 0x000000077c680000, 0x0000000785000000)
  object space 29184K, 98% used [0x000000077aa00000,0x000000077c626f58,0x000000077c680000)

